<?xml version="1.0" encoding="UTF-8"?>
<coverage generated="1652798126851" clover="3.2.0">
  <project timestamp="1652798126851" name="All files">
    <metrics statements="8" coveredstatements="8" conditionals="10" coveredconditionals="5" methods="2" coveredmethods="2" elements="20" coveredelements="15" complexity="0" loc="8" ncloc="8" packages="1" files="1" classes="1"/>
    <file name="App.tsx" path="/Applications/MAMP/htdocs/Practice/AwesomeTSProject/src/App.tsx">
      <metrics statements="8" coveredstatements="8" conditionals="10" coveredconditionals="5" methods="2" coveredmethods="2"/>
      <line num="32" count="1" type="stmt"/>
      <line num="33" count="4" type="stmt"/>
      <line num="34" count="4" type="stmt"/>
      <line num="58" count="1" type="stmt"/>
      <line num="59" count="1" type="stmt"/>
      <line num="61" count="1" type="stmt"/>
      <line num="65" count="1" type="stmt"/>
      <line num="96" count="1" type="stmt"/>
    </file>
  </project>
</coverage>
