{"/Applications/MAMP/htdocs/Practice/AwesomeTSProject/src/App.tsx": {"path":"/Applications/MAMP/htdocs/Practice/AwesomeTSProject/src/App.tsx","statementMap":{"0":{"start":{"line":32,"column":5},"end":{"line":56,"column":1}},"1":{"start":{"line":33,"column":21},"end":{"line":33,"column":48}},"2":{"start":{"line":34,"column":2},"end":{"line":55,"column":4}},"3":{"start":{"line":58,"column":12},"end":{"line":94,"column":1}},"4":{"start":{"line":59,"column":21},"end":{"line":59,"column":48}},"5":{"start":{"line":61,"column":26},"end":{"line":63,"column":3}},"6":{"start":{"line":65,"column":2},"end":{"line":93,"column":4}},"7":{"start":{"line":96,"column":15},"end":{"line":113,"column":2}}},"fnMap":{"0":{"name":"(anonymous_0)","decl":{"start":{"line":32,"column":5},"end":{"line":32,"column":6}},"loc":{"start":{"line":32,"column":28},"end":{"line":56,"column":1}},"line":32},"1":{"name":"(anonymous_1)","decl":{"start":{"line":58,"column":12},"end":{"line":58,"column":13}},"loc":{"start":{"line":58,"column":18},"end":{"line":94,"column":1}},"line":58}},"branchMap":{"0":{"loc":{"start":{"line":40,"column":19},"end":{"line":40,"column":59}},"type":"cond-expr","locations":[{"start":{"line":40,"column":32},"end":{"line":40,"column":44}},{"start":{"line":40,"column":47},"end":{"line":40,"column":59}}],"line":40},"1":{"loc":{"start":{"line":49,"column":19},"end":{"line":49,"column":58}},"type":"cond-expr","locations":[{"start":{"line":49,"column":32},"end":{"line":49,"column":44}},{"start":{"line":49,"column":47},"end":{"line":49,"column":58}}],"line":49},"2":{"loc":{"start":{"line":62,"column":21},"end":{"line":62,"column":64}},"type":"cond-expr","locations":[{"start":{"line":62,"column":34},"end":{"line":62,"column":47}},{"start":{"line":62,"column":50},"end":{"line":62,"column":64}}],"line":62},"3":{"loc":{"start":{"line":67,"column":27},"end":{"line":67,"column":72}},"type":"cond-expr","locations":[{"start":{"line":67,"column":40},"end":{"line":67,"column":55}},{"start":{"line":67,"column":58},"end":{"line":67,"column":72}}],"line":67},"4":{"loc":{"start":{"line":74,"column":29},"end":{"line":74,"column":69}},"type":"cond-expr","locations":[{"start":{"line":74,"column":42},"end":{"line":74,"column":54}},{"start":{"line":74,"column":57},"end":{"line":74,"column":69}}],"line":74}},"s":{"0":1,"1":4,"2":4,"3":1,"4":1,"5":1,"6":1,"7":1},"f":{"0":4,"1":1},"b":{"0":[0,4],"1":[0,4],"2":[0,1],"3":[0,1],"4":[0,1]},"_coverageSchema":"1a1c01bbd47fc00a2c39e90264f33305004495a9","hash":"e40e03feafa8ffa57734664dbb9d28a1160a361a"}
}
